<?xml version="1.0" encoding="UTF-8"?>
<!-- Generated by org.testng.reporters.JUnitReportReporter -->
<testsuite hostname="DESKTOP-PS5UK1D" failures="0" tests="3" name="tests.SearchTest" time="24.367" errors="0" timestamp="2023-01-07T15:31:59 IST" skipped="0">
  <testcase classname="tests.SearchTest" name="searchWithValidProductName" time="7.876"/>
  <system-out/>
  <testcase classname="tests.SearchTest" name="searchWithInvalidProductName" time="7.870"/>
  <system-out/>
  <testcase classname="tests.SearchTest" name="searchByNotProvidingAnyProductName" time="8.621"/>
  <system-out/>
</testsuite> <!-- tests.SearchTest -->
