<?xml version="1.0" encoding="UTF-8"?>
<!-- Generated by org.testng.reporters.JUnitReportReporter -->
<testsuite hostname="DESKTOP-PS5UK1D" failures="0" tests="2" name="tests.RegisterTest" time="38.213" errors="0" timestamp="2023-01-07T15:31:59 IST" skipped="0">
  <testcase classname="tests.RegisterTest" name="registerWithMandatoryFields" time="14.601"/>
  <system-out/>
  <testcase classname="tests.RegisterTest" name="registerWithAllFields" time="23.612"/>
  <system-out/>
</testsuite> <!-- tests.RegisterTest -->
